0 info it worked if it ends with ok
1 verbose cli [ '/usr/local/Cellar/node/7.7.4/bin/node',
1 verbose cli   '/usr/local/bin/npm',
1 verbose cli   'test' ]
2 info using npm@4.1.2
3 info using node@v7.7.4
4 verbose config Skipping project config: /Users/connor/.npmrc. (matches userconfig)
5 verbose stack Error: ENOENT: no such file or directory, open '/Users/connor/package.json'
6 verbose cwd /Users/connor/Desktop/Parity/march_18/parity
7 error Darwin 16.4.0
8 error argv "/usr/local/Cellar/node/7.7.4/bin/node" "/usr/local/bin/npm" "test"
9 error node v7.7.4
10 error npm  v4.1.2
11 error path /Users/connor/package.json
12 error code ENOENT
13 error errno -2
14 error syscall open
15 error enoent ENOENT: no such file or directory, open '/Users/connor/package.json'
16 error enoent ENOENT: no such file or directory, open '/Users/connor/package.json'
16 error enoent This is most likely not a problem with npm itself
16 error enoent and is related to npm not being able to find a file.
17 verbose exit [ -2, true ]
